<?xml version="1.0" encoding="utf-8"?>
<coverage line-rate="0.2024" branch-rate="0.8205" version="1.9" timestamp="1782036581" lines-covered="689" lines-valid="3403" branches-covered="128" branches-valid="156">
  <sources>
    <source>/Users/melih/MelihProjeler/ECHO.Ticket/</source>
  </sources>
  <packages>
    <package name="ECHO.Ticket.Business" line-rate="0.7375" branch-rate="0.8205" complexity="203">
      <classes>
        <class name="ECHO.Ticket.Business.Validations.EventValidator" filename="ECHO.Ticket.Business/Validations/EventValidator.cs" line-rate="0" branch-rate="1" complexity="1">
          <methods>
            <method name=".ctor" signature="()" line-rate="0" branch-rate="1" complexity="1">
              <lines>
                <line number="9" hits="0" branch="False" />
                <line number="10" hits="0" branch="False" />
                <line number="12" hits="0" branch="False" />
                <line number="13" hits="0" branch="False" />
                <line number="14" hits="0" branch="False" />
                <line number="17" hits="0" branch="False" />
                <line number="18" hits="0" branch="False" />
                <line number="22" hits="0" branch="False" />
              </lines>
            </method>
          </methods>
          <lines>
            <line number="9" hits="0" branch="False" />
            <line number="10" hits="0" branch="False" />
            <line number="12" hits="0" branch="False" />
            <line number="13" hits="0" branch="False" />
            <line number="14" hits="0" branch="False" />
            <line number="17" hits="0" branch="False" />
            <line number="18" hits="0" branch="False" />
            <line number="22" hits="0" branch="False" />
          </lines>
        </class>
        <class name="ECHO.Ticket.Business.Validations.PledgeValidator" filename="ECHO.Ticket.Business/Validations/PledgeValidator.cs" line-rate="0" branch-rate="1" complexity="1">
          <methods>
            <method name=".ctor" signature="()" line-rate="0" branch-rate="1" complexity="1">
              <lines>
                <line number="8" hits="0" branch="False" />
                <line number="9" hits="0" branch="False" />
                <line number="10" hits="0" branch="False" />
                <line number="11" hits="0" branch="False" />
                <line number="13" hits="0" branch="False" />
                <line number="14" hits="0" branch="False" />
                <line number="15" hits="0" branch="False" />
              </lines>
            </method>
          </methods>
          <lines>
            <line number="8" hits="0" branch="False" />
            <line number="9" hits="0" branch="False" />
            <line number="10" hits="0" branch="False" />
            <line number="11" hits="0" branch="False" />
            <line number="13" hits="0" branch="False" />
            <line number="14" hits="0" branch="False" />
            <line number="15" hits="0" branch="False" />
          </lines>
        </class>
        <class name="ECHO.Ticket.Business.Validations.TicketValidator" filename="ECHO.Ticket.Business/Validations/TicketValidator.cs" line-rate="0" branch-rate="1" complexity="1">
          <methods>
            <method name=".ctor" signature="()" line-rate="0" branch-rate="1" complexity="1">
              <lines>
                <line number="8" hits="0" branch="False" />
                <line number="9" hits="0" branch="False" />
                <line number="10" hits="0" branch="False" />
                <line number="11" hits="0" branch="False" />
                <line number="13" hits="0" branch="False" />
                <line number="14" hits="0" branch="False" />
                <line number="16" hits="0" branch="False" />
                <line number="17" hits="0" branch="False" />
              </lines>
            </method>
          </methods>
          <lines>
            <line number="8" hits="0" branch="False" />
            <line number="9" hits="0" branch="False" />
            <line number="10" hits="0" branch="False" />
            <line number="11" hits="0" branch="False" />
            <line number="13" hits="0" branch="False" />
            <line number="14" hits="0" branch="False" />
            <line number="16" hits="0" branch="False" />
            <line number="17" hits="0" branch="False" />
          </lines>
        </class>
        <class name="ECHO.Ticket.Business.Validations.UserValidator" filename="ECHO.Ticket.Business/Validations/UserValidator.cs" line-rate="0" branch-rate="1" complexity="1">
          <methods>
            <method name=".ctor" signature="()" line-rate="0" branch-rate="1" complexity="1">
              <lines>
                <line number="8" hits="0" branch="False" />
                <line number="9" hits="0" branch="False" />
                <line number="10" hits="0" branch="False" />
                <line number="11" hits="0" branch="False" />
                <line number="12" hits="0" branch="False" />
                <line number="13" hits="0" branch="False" />
              </lines>
            </method>
          </methods>
          <lines>
            <line number="8" hits="0" branch="False" />
            <line number="9" hits="0" branch="False" />
            <line number="10" hits="0" branch="False" />
            <line number="11" hits="0" branch="False" />
            <line number="12" hits="0" branch="False" />
            <line number="13" hits="0" branch="False" />
          </lines>
        </class>
        <class name="ECHO.Ticket.Business.Security.PasswordHasher" filename="ECHO.Ticket.Business/Security/PasswordHasher.cs" line-rate="0" branch-rate="1" complexity="2">
          <methods>
            <method name="HashPassword" signature="(System.String)" line-rate="0" branch-rate="1" complexity="1">
              <lines>
                <line number="9" hits="0" branch="False" />
                <line number="10" hits="0" branch="False" />
                <line number="11" hits="0" branch="False" />
              </lines>
            </method>
            <method name="VerifyPassword" signature="(System.String,System.String)" line-rate="0" branch-rate="1" complexity="1">
              <lines>
                <line number="14" hits="0" branch="False" />
                <line number="16" hits="0" branch="False" />
                <line number="17" hits="0" branch="False" />
              </lines>
            </method>
          </methods>
          <lines>
            <line number="9" hits="0" branch="False" />
            <line number="10" hits="0" branch="False" />
            <line number="11" hits="0" branch="False" />
            <line number="14" hits="0" branch="False" />
            <line number="16" hits="0" branch="False" />
            <line number="17" hits="0" branch="False" />
          </lines>
        </class>
        <class name="ECHO.Ticket.Business.Security.WorkContext" filename="ECHO.Ticket.Business/Security/WorkContext.cs" line-rate="0" branch-rate="0" complexity="7">
          <methods>
            <method name="get_UserId" signature="()" line-rate="0" branch-rate="0" complexity="6">
              <lines>
                <line number="20" hits="0" branch="False" />
                <line number="22" hits="0" branch="True" condition-coverage="0% (0/4)">
                  <conditions>
                    <condition number="13" type="jump" coverage="0%" />
                    <condition number="25" type="jump" coverage="0%" />
                  </conditions>
                </line>
                <line number="25" hits="0" branch="True" condition-coverage="0% (0/2)">
                  <conditions>
                    <condition number="50" type="jump" coverage="0%" />
                  </conditions>
                </line>
                <line number="26" hits="0" branch="False" />
                <line number="27" hits="0" branch="False" />
                <line number="31" hits="0" branch="False" />
                <line number="32" hits="0" branch="False" />
              </lines>
            </method>
            <method name=".ctor" signature="(Microsoft.AspNetCore.Http.IHttpContextAccessor)" line-rate="0" branch-rate="1" complexity="1">
              <lines>
                <line number="12" hits="0" branch="False" />
                <line number="13" hits="0" branch="False" />
                <line number="14" hits="0" branch="False" />
                <line number="15" hits="0" branch="False" />
              </lines>
            </method>
          </methods>
          <lines>
            <line number="20" hits="0" branch="False" />
            <line number="22" hits="0" branch="True" condition-coverage="0% (0/4)">
              <conditions>
                <condition number="13" type="jump" coverage="0%" />
                <condition number="25" type="jump" coverage="0%" />
              </conditions>
            </line>
            <line number="25" hits="0" branch="True" condition-coverage="0% (0/2)">
              <conditions>
                <condition number="50" type="jump" coverage="0%" />
              </conditions>
            </line>
            <line number="26" hits="0" branch="False" />
            <line number="27" hits="0" branch="False" />
            <line number="31" hits="0" branch="False" />
            <line number="32" hits="0" branch="False" />
            <line number="12" hits="0" branch="False" />
            <line number="13" hits="0" branch="False" />
            <line number="14" hits="0" branch="False" />
            <line number="15" hits="0" branch="False" />
          </lines>
        </class>
        <class name="ECHO.Ticket.Business.Services.AiRecommendationService" filename="ECHO.Ticket.Business/Services/AiRecommendationService.cs" line-rate="0" branch-rate="1" complexity="1">
          <methods>
            <method name=".ctor" signature="(System.Net.Http.HttpClient)" line-rate="0" branch-rate="1" complexity="1">
              <lines>
                <line number="14" hits="0" branch="False" />
                <line number="15" hits="0" branch="False" />
                <line number="16" hits="0" branch="False" />
                <line number="18" hits="0" branch="False" />
                <line number="19" hits="0" branch="False" />
              </lines>
            </method>
          </methods>
          <lines>
            <line number="14" hits="0" branch="False" />
            <line number="15" hits="0" branch="False" />
            <line number="16" hits="0" branch="False" />
            <line number="18" hits="0" branch="False" />
            <line number="19" hits="0" branch="False" />
          </lines>
        </class>
        <class name="ECHO.Ticket.Business.Services.AiRecommendationService/&lt;GetEventScorePredictionAsync&gt;d__2" filename="ECHO.Ticket.Business/Services/AiRecommendationService.cs" line-rate="0" branch-rate="0" complexity="2">
          <methods>
            <method name="MoveNext" signature="()" line-rate="0" branch-rate="0" complexity="2">
              <lines>
                <line number="22" hits="0" branch="False" />
                <line number="24" hits="0" branch="False" />
                <line number="26" hits="0" branch="False" />
                <line number="27" hits="0" branch="False" />
                <line number="28" hits="0" branch="False" />
                <line number="29" hits="0" branch="False" />
                <line number="30" hits="0" branch="False" />
                <line number="31" hits="0" branch="False" />
                <line number="33" hits="0" branch="False" />
                <line number="34" hits="0" branch="False" />
                <line number="37" hits="0" branch="False" />
                <line number="39" hits="0" branch="True" condition-coverage="0% (0/2)">
                  <conditions>
                    <condition number="269" type="jump" coverage="0%" />
                  </conditions>
                </line>
                <line number="40" hits="0" branch="False" />
                <line number="41" hits="0" branch="False" />
                <line number="42" hits="0" branch="False" />
                <line number="45" hits="0" branch="False" />
                <line number="47" hits="0" branch="False" />
                <line number="48" hits="0" branch="False" />
                <line number="49" hits="0" branch="False" />
                <line number="50" hits="0" branch="False" />
                <line number="51" hits="0" branch="False" />
                <line number="54" hits="0" branch="False" />
                <line number="55" hits="0" branch="False" />
              </lines>
            </method>
          </methods>
          <lines>
            <line number="22" hits="0" branch="False" />
            <line number="24" hits="0" branch="False" />
            <line number="26" hits="0" branch="False" />
            <line number="27" hits="0" branch="False" />
            <line number="28" hits="0" branch="False" />
            <line number="29" hits="0" branch="False" />
            <line number="30" hits="0" branch="False" />
            <line number="31" hits="0" branch="False" />
            <line number="33" hits="0" branch="False" />
            <line number="34" hits="0" branch="False" />
            <line number="37" hits="0" branch="False" />
            <line number="39" hits="0" branch="True" condition-coverage="0% (0/2)">
              <conditions>
                <condition number="269" type="jump" coverage="0%" />
              </conditions>
            </line>
            <line number="40" hits="0" branch="False" />
            <line number="41" hits="0" branch="False" />
            <line number="42" hits="0" branch="False" />
            <line number="45" hits="0" branch="False" />
            <line number="47" hits="0" branch="False" />
            <line number="48" hits="0" branch="False" />
            <line number="49" hits="0" branch="False" />
            <line number="50" hits="0" branch="False" />
            <line number="51" hits="0" branch="False" />
            <line number="54" hits="0" branch="False" />
            <line number="55" hits="0" branch="False" />
          </lines>
        </class>
        <class name="ECHO.Ticket.Business.Services.DashboardService" filename="ECHO.Ticket.Business/Services/DashboardService.cs" line-rate="1" branch-rate="1" complexity="1">
          <methods>
            <method name=".ctor" signature="(ECHO.Ticket.DataAccess.Interfaces.IRepository`1&lt;ECHO.Ticket.Core.Entities.Pledge&gt;,ECHO.Ticket.DataAccess.Interfaces.IRepository`1&lt;ECHO.Ticket.Core.Entities.Event&gt;,ECHO.Ticket.DataAccess.Interfaces.IRepository`1&lt;ECHO.Ticket.Core.Entities.Ticket&gt;)" line-rate="1" branch-rate="1" complexity="1">
              <lines>
                <line number="16" hits="11" branch="False" />
                <line number="17" hits="11" branch="False" />
                <line number="18" hits="11" branch="False" />
                <line number="19" hits="11" branch="False" />
                <line number="20" hits="11" branch="False" />
                <line number="21" hits="11" branch="False" />
                <line number="22" hits="11" branch="False" />
                <line number="23" hits="11" branch="False" />
                <line number="24" hits="11" branch="False" />
              </lines>
            </method>
          </methods>
          <lines>
            <line number="16" hits="11" branch="False" />
            <line number="17" hits="11" branch="False" />
            <line number="18" hits="11" branch="False" />
            <line number="19" hits="11" branch="False" />
            <line number="20" hits="11" branch="False" />
            <line number="21" hits="11" branch="False" />
            <line number="22" hits="11" branch="False" />
            <line number="23" hits="11" branch="False" />
            <line number="24" hits="11" branch="False" />
          </lines>
        </class>
        <class name="ECHO.Ticket.Business.Services.DashboardService/&lt;&gt;c" filename="ECHO.Ticket.Business/Services/DashboardService.cs" line-rate="1" branch-rate="1" complexity="2">
          <methods>
            <method name="&lt;GetSummaryAsync&gt;b__4_0" signature="(ECHO.Ticket.Core.Entities.Pledge)" line-rate="1" branch-rate="1" complexity="1">
              <lines>
                <line number="33" hits="28" branch="False" />
              </lines>
            </method>
            <method name="&lt;GetSummaryAsync&gt;b__4_1" signature="(ECHO.Ticket.Core.Entities.Pledge)" line-rate="1" branch-rate="1" complexity="1">
              <lines>
                <line number="42" hits="17" branch="False" />
              </lines>
            </method>
          </methods>
          <lines>
            <line number="33" hits="28" branch="False" />
            <line number="42" hits="17" branch="False" />
          </lines>
        </class>
        <class name="ECHO.Ticket.Business.Services.DashboardService/&lt;GetSummaryAsync&gt;d__4" filename="ECHO.Ticket.Business/Services/DashboardService.cs" line-rate="1" branch-rate="1" complexity="8">
          <methods>
            <method name="MoveNext" signature="()" line-rate="1" branch-rate="1" complexity="8">
              <lines>
                <line number="27" hits="11" branch="False" />
                <line number="29" hits="11" branch="False" />
                <line number="30" hits="11" branch="False" />
                <line number="31" hits="10" branch="False" />
                <line number="35" hits="10" branch="False" />
                <line number="36" hits="9" branch="False" />
                <line number="38" hits="9" branch="False" />
                <line number="41" hits="9" branch="False" />
                <line number="43" hits="9" branch="False" />
                <line number="44" hits="9" branch="False" />
                <line number="46" hits="9" branch="False" />
                <line number="48" hits="56" branch="True" condition-coverage="100% (2/2)">
                  <conditions>
                    <condition number="1298" type="jump" coverage="100%" />
                  </conditions>
                </line>
                <line number="49" hits="15" branch="False" />
                <line number="51" hits="15" branch="False" />
                <line number="52" hits="14" branch="True" condition-coverage="100% (2/2)">
                  <conditions>
                    <condition number="970" type="jump" coverage="100%" />
                  </conditions>
                </line>
                <line number="54" hits="14" branch="True" condition-coverage="100% (4/4)">
                  <conditions>
                    <condition number="1185" type="jump" coverage="100%" />
                    <condition number="1197" type="jump" coverage="100%" />
                  </conditions>
                </line>
                <line number="55" hits="14" branch="False" />
                <line number="56" hits="14" branch="False" />
                <line number="57" hits="14" branch="False" />
                <line number="58" hits="14" branch="False" />
                <line number="59" hits="14" branch="False" />
                <line number="60" hits="14" branch="False" />
                <line number="61" hits="14" branch="False" />
                <line number="62" hits="14" branch="False" />
                <line number="65" hits="8" branch="False" />
                <line number="66" hits="8" branch="False" />
                <line number="67" hits="8" branch="False" />
                <line number="68" hits="8" branch="False" />
                <line number="69" hits="8" branch="False" />
                <line number="70" hits="8" branch="False" />
                <line number="71" hits="8" branch="False" />
                <line number="73" hits="8" branch="False" />
                <line number="75" hits="3" branch="False" />
                <line number="76" hits="3" branch="False" />
                <line number="77" hits="3" branch="False" />
                <line number="79" hits="11" branch="False" />
              </lines>
            </method>
          </methods>
          <lines>
            <line number="27" hits="11" branch="False" />
            <line number="29" hits="11" branch="False" />
            <line number="30" hits="11" branch="False" />
            <line number="31" hits="10" branch="False" />
            <line number="35" hits="10" branch="False" />
            <line number="36" hits="9" branch="False" />
            <line number="38" hits="9" branch="False" />
            <line number="41" hits="9" branch="False" />
            <line number="43" hits="9" branch="False" />
            <line number="44" hits="9" branch="False" />
            <line number="46" hits="9" branch="False" />
            <line number="48" hits="56" branch="True" condition-coverage="100% (2/2)">
              <conditions>
                <condition number="1298" type="jump" coverage="100%" />
              </conditions>
            </line>
            <line number="49" hits="15" branch="False" />
            <line number="51" hits="15" branch="False" />
            <line number="52" hits="14" branch="True" condition-coverage="100% (2/2)">
              <conditions>
                <condition number="970" type="jump" coverage="100%" />
              </conditions>
            </line>
            <line number="54" hits="14" branch="True" condition-coverage="100% (4/4)">
              <conditions>
                <condition number="1185" type="jump" coverage="100%" />
                <condition number="1197" type="jump" coverage="100%" />
              </conditions>
            </line>
            <line number="55" hits="14" branch="False" />
            <line number="56" hits="14" branch="False" />
            <line number="57" hits="14" branch="False" />
            <line number="58" hits="14" branch="False" />
            <line number="59" hits="14" branch="False" />
            <line number="60" hits="14" branch="False" />
            <line number="61" hits="14" branch="False" />
            <line number="62" hits="14" branch="False" />
            <line number="65" hits="8" branch="False" />
            <line number="66" hits="8" branch="False" />
            <line number="67" hits="8" branch="False" />
            <line number="68" hits="8" branch="False" />
            <line number="69" hits="8" branch="False" />
            <line number="70" hits="8" branch="False" />
            <line number="71" hits="8" branch="False" />
            <line number="73" hits="8" branch="False" />
            <line number="75" hits="3" branch="False" />
            <line number="76" hits="3" branch="False" />
            <line number="77" hits="3" branch="False" />
            <line number="79" hits="11" branch="False" />
          </lines>
        </class>
        <class name="ECHO.Ticket.Business.Services.EventReviewService" filename="ECHO.Ticket.Business/Services/EventReviewService.cs" line-rate="1" branch-rate="1" complexity="1">
          <methods>
            <method name=".ctor" signature="(ECHO.Ticket.DataAccess.Interfaces.IRepository`1&lt;ECHO.Ticket.Core.Entities.EventReview&gt;,ECHO.Ticket.DataAccess.Interfaces.IRepository`1&lt;ECHO.Ticket.Core.Entities.User&gt;,ECHO.Ticket.Business.Interfaces.IWorkContext,ECHO.Ticket.Business.Interfaces.ISentimentAnalysisService)" line-rate="1" branch-rate="1" complexity="1">
              <lines>
                <line number="21" hits="18" branch="False" />
                <line number="22" hits="18" branch="False" />
                <line number="23" hits="18" branch="False" />
                <line number="24" hits="18" branch="False" />
                <line number="25" hits="18" branch="False" />
                <line number="26" hits="18" branch="False" />
                <line number="27" hits="18" branch="False" />
                <line number="28" hits="18" branch="False" />
                <line number="29" hits="18" branch="False" />
                <line number="30" hits="18" branch="False" />
                <line number="31" hits="18" branch="False" />
              </lines>
            </method>
          </methods>
          <lines>
            <line number="21" hits="18" branch="False" />
            <line number="22" hits="18" branch="False" />
            <line number="23" hits="18" branch="False" />
            <line number="24" hits="18" branch="False" />
            <line number="25" hits="18" branch="False" />
            <line number="26" hits="18" branch="False" />
            <line number="27" hits="18" branch="False" />
            <line number="28" hits="18" branch="False" />
            <line number="29" hits="18" branch="False" />
            <line number="30" hits="18" branch="False" />
            <line number="31" hits="18" branch="False" />
          </lines>
        </class>
        <class name="ECHO.Ticket.Business.Services.EventReviewService/&lt;&gt;c" filename="ECHO.Ticket.Business/Services/EventReviewService.cs" line-rate="1" branch-rate="0.5" complexity="6">
          <methods>
            <method name="&lt;GetReviewsByEventIdAsync&gt;b__6_0" signature="(ECHO.Ticket.Core.Entities.EventReview)" line-rate="1" branch-rate="1" complexity="1">
              <lines>
                <line number="60" hits="10" branch="False" />
              </lines>
            </method>
            <method name="&lt;GetReviewsByEventIdAsync&gt;b__6_2" signature="(ECHO.Ticket.Core.DTOs.EventReviewDto)" line-rate="1" branch-rate="1" complexity="1">
              <lines>
                <line number="80" hits="16" branch="False" />
              </lines>
            </method>
            <method name="&lt;GetEventAnalyticsAsync&gt;b__7_2" signature="(ECHO.Ticket.Core.Entities.EventReview)" line-rate="1" branch-rate="0.5" complexity="2">
              <lines>
                <line number="115" hits="22" branch="True" condition-coverage="50% (1/2)">
                  <conditions>
                    <condition number="7" type="jump" coverage="50%" />
                  </conditions>
                </line>
              </lines>
            </method>
            <method name="&lt;GetEventAnalyticsAsync&gt;b__7_3" signature="(ECHO.Ticket.Core.Entities.EventReview)" line-rate="1" branch-rate="1" complexity="1">
              <lines>
                <line number="116" hits="12" branch="False" />
              </lines>
            </method>
            <method name="&lt;GetEventAnalyticsAsync&gt;b__7_4" signature="(ECHO.Ticket.Core.Entities.EventReview)" line-rate="1" branch-rate="1" complexity="1">
              <lines>
                <line number="120" hits="16" branch="False" />
              </lines>
            </method>
          </methods>
          <lines>
            <line number="60" hits="10" branch="False" />
            <line number="80" hits="16" branch="False" />
            <line number="115" hits="22" branch="True" condition-coverage="50% (1/2)">
              <conditions>
                <condition number="7" type="jump" coverage="50%" />
              </conditions>
            </line>
            <line number="116" hits="12" branch="False" />
            <line number="120" hits="16" branch="False" />
          </lines>
        </class>
        <class name="ECHO.Ticket.Business.Services.EventReviewService/&lt;&gt;c__DisplayClass6_0" filename="ECHO.Ticket.Business/Services/EventReviewService.cs" line-rate="1" branch-rate="1" complexity="2">
          <methods>
            <method name="&lt;GetReviewsByEventIdAsync&gt;b__1" signature="(ECHO.Ticket.Core.Entities.EventReview)" line-rate="1" branch-rate="1" complexity="2">
              <lines>
                <line number="66" hits="6" branch="False" />
                <line number="67" hits="12" branch="False" />
                <line number="69" hits="6" branch="True" condition-coverage="100% (2/2)">
                  <conditions>
                    <condition number="81" type="jump" coverage="100%" />
                  </conditions>
                </line>
                <line number="70" hits="6" branch="False" />
                <line number="71" hits="6" branch="False" />
                <line number="72" hits="6" branch="False" />
                <line number="73" hits="6" branch="False" />
                <line number="74" hits="6" branch="False" />
                <line number="75" hits="6" branch="False" />
                <line number="76" hits="6" branch="False" />
                <line number="77" hits="6" branch="False" />
                <line number="78" hits="6" branch="False" />
                <line number="79" hits="6" branch="False" />
              </lines>
            </method>
          </methods>
          <lines>
            <line number="66" hits="6" branch="False" />
            <line number="67" hits="12" branch="False" />
            <line number="69" hits="6" branch="True" condition-coverage="100% (2/2)">
              <conditions>
                <condition number="81" type="jump" coverage="100%" />
              </conditions>
            </line>
            <line number="70" hits="6" branch="False" />
            <line number="71" hits="6" branch="False" />
            <line number="72" hits="6" branch="False" />
            <line number="73" hits="6" branch="False" />
            <line number="74" hits="6" branch="False" />
            <line number="75" hits="6" branch="False" />
            <line number="76" hits="6" branch="False" />
            <line number="77" hits="6" branch="False" />
            <line number="78" hits="6" branch="False" />
            <line number="79" hits="6" branch="False" />
          </lines>
        </class>
        <class name="ECHO.Ticket.Business.Services.EventReviewService/&lt;&gt;c__DisplayClass7_0" filename="ECHO.Ticket.Business/Services/EventReviewService.cs" line-rate="1" branch-rate="0.8332999999999999" complexity="12">
          <methods>
            <method name="&lt;GetEventAnalyticsAsync&gt;b__0" signature="(ECHO.Ticket.Core.Entities.EventReview)" line-rate="1" branch-rate="0.75" complexity="4">
              <lines>
                <line number="103" hits="29" branch="True" condition-coverage="75% (3/4)">
                  <conditions>
                    <condition number="7" type="jump" coverage="50%" />
                    <condition number="24" type="jump" coverage="100%" />
                  </conditions>
                </line>
                <line number="104" hits="29" branch="False" />
              </lines>
            </method>
            <method name="&lt;GetEventAnalyticsAsync&gt;b__1" signature="(ECHO.Ticket.Core.Entities.EventReview)" line-rate="1" branch-rate="0.75" complexity="4">
              <lines>
                <line number="107" hits="29" branch="True" condition-coverage="75% (3/4)">
                  <conditions>
                    <condition number="7" type="jump" coverage="50%" />
                    <condition number="24" type="jump" coverage="100%" />
                  </conditions>
                </line>
                <line number="108" hits="29" branch="False" />
              </lines>
            </method>
            <method name="&lt;GetEventAnalyticsAsync&gt;b__5" signature="(ECHO.Ticket.Core.Entities.EventReview)" line-rate="1" branch-rate="1" complexity="4">
              <lines>
                <line number="124" hits="9" branch="False" />
                <line number="125" hits="16" branch="False" />
                <line number="126" hits="9" branch="True" condition-coverage="100% (4/4)">
                  <conditions>
                    <condition number="81" type="jump" coverage="100%" />
                    <condition number="210" type="jump" coverage="100%" />
                  </conditions>
                </line>
                <line number="127" hits="9" branch="False" />
                <line number="128" hits="9" branch="False" />
                <line number="129" hits="9" branch="False" />
                <line number="130" hits="9" branch="False" />
                <line number="131" hits="9" branch="False" />
                <line number="132" hits="9" branch="False" />
                <line number="133" hits="9" branch="False" />
                <line number="134" hits="9" branch="False" />
                <line number="135" hits="9" branch="False" />
                <line number="136" hits="9" branch="False" />
                <line number="137" hits="9" branch="False" />
                <line number="138" hits="16" branch="False" />
              </lines>
            </method>
          </methods>
          <lines>
            <line number="103" hits="29" branch="True" condition-coverage="75% (3/4)">
              <conditions>
                <condition number="7" type="jump" coverage="50%" />
                <condition number="24" type="jump" coverage="100%" />
              </conditions>
            </line>
            <line number="104" hits="29" branch="False" />
            <line number="107" hits="29" branch="True" condition-coverage="75% (3/4)">
              <conditions>
                <condition number="7" type="jump" coverage="50%" />
                <condition number="24" type="jump" coverage="100%" />
              </conditions>
            </line>
            <line number="108" hits="29" branch="False" />
            <line number="124" hits="9" branch="False" />
            <line number="125" hits="16" branch="False" />
            <line number="126" hits="9" branch="True" condition-coverage="100% (4/4)">
              <conditions>
                <condition number="81" type="jump" coverage="100%" />
                <condition number="210" type="jump" coverage="100%" />
              </conditions>
            </line>
            <line number="127" hits="9" branch="False" />
            <line number="128" hits="9" branch="False" />
            <line number="129" hits="9" branch="False" />
            <line number="130" hits="9" branch="False" />
            <line number="131" hits="9" branch="False" />
            <line number="132" hits="9" branch="False" />
            <line number="133" hits="9" branch="False" />
            <line number="134" hits="9" branch="False" />
            <line number="135" hits="9" branch="False" />
            <line number="136" hits="9" branch="False" />
            <line number="137" hits="9" branch="False" />
            <line number="138" hits="16" branch="False" />
          </lines>
        </class>
        <class name="ECHO.Ticket.Business.Services.EventReviewService/&lt;AddReviewAsync&gt;d__5" filename="ECHO.Ticket.Business/Services/EventReviewService.cs" line-rate="1" branch-rate="1" complexity="4">
          <methods>
            <method name="MoveNext" signature="()" line-rate="1" branch-rate="1" complexity="4">
              <lines>
                <line number="34" hits="6" branch="False" />
                <line number="35" hits="6" branch="True" condition-coverage="100% (4/4)">
                  <conditions>
                    <condition number="55" type="jump" coverage="100%" />
                    <condition number="76" type="jump" coverage="100%" />
                  </conditions>
                </line>
                <line number="36" hits="3" branch="False" />
                <line number="38" hits="3" branch="False" />
                <line number="40" hits="3" branch="False" />
                <line number="41" hits="3" branch="False" />
                <line number="42" hits="3" branch="False" />
                <line number="44" hits="3" branch="False" />
                <line number="46" hits="3" branch="False" />
                <line number="47" hits="3" branch="False" />
                <line number="49" hits="3" branch="False" />
                <line number="50" hits="3" branch="False" />
                <line number="52" hits="3" branch="False" />
                <line number="53" hits="6" branch="False" />
              </lines>
            </method>
          </methods>
          <lines>
            <line number="34" hits="6" branch="False" />
            <line number="35" hits="6" branch="True" condition-coverage="100% (4/4)">
              <conditions>
                <condition number="55" type="jump" coverage="100%" />
                <condition number="76" type="jump" coverage="100%" />
              </conditions>
            </line>
            <line number="36" hits="3" branch="False" />
            <line number="38" hits="3" branch="False" />
            <line number="40" hits="3" branch="False" />
            <line number="41" hits="3" branch="False" />
            <line number="42" hits="3" branch="False" />
            <line number="44" hits="3" branch="False" />
            <line number="46" hits="3" branch="False" />
            <line number="47" hits="3" branch="False" />
            <line number="49" hits="3" branch="False" />
            <line number="50" hits="3" branch="False" />
            <line number="52" hits="3" branch="False" />
            <line number="53" hits="6" branch="False" />
          </lines>
        </class>
        <class name="ECHO.Ticket.Business.Services.EventReviewService/&lt;GetEventAnalyticsAsync&gt;d__7" filename="ECHO.Ticket.Business/Services/EventReviewService.cs" line-rate="1" branch-rate="0.75" complexity="4">
          <methods>
            <method name="MoveNext" signature="()" line-rate="1" branch-rate="0.75" complexity="4">
              <lines>
                <line number="86" hits="8" branch="False" />
                <line number="88" hits="8" branch="False" />
                <line number="90" hits="8" branch="True" condition-coverage="100% (2/2)">
                  <conditions>
                    <condition number="325" type="jump" coverage="100%" />
                  </conditions>
                </line>
                <line number="91" hits="1" branch="False" />
                <line number="92" hits="1" branch="False" />
                <line number="93" hits="1" branch="False" />
                <line number="94" hits="1" branch="False" />
                <line number="95" hits="1" branch="False" />
                <line number="96" hits="1" branch="False" />
                <line number="99" hits="7" branch="False" />
                <line number="100" hits="7" branch="False" />
                <line number="102" hits="7" branch="False" />
                <line number="106" hits="7" branch="False" />
                <line number="110" hits="7" branch="False" />
                <line number="112" hits="7" branch="True" condition-coverage="50% (1/2)">
                  <conditions>
                    <condition number="522" type="jump" coverage="50%" />
                  </conditions>
                </line>
                <line number="114" hits="7" branch="False" />
                <line number="117" hits="7" branch="False" />
                <line number="118" hits="7" branch="False" />
                <line number="121" hits="7" branch="False" />
                <line number="123" hits="7" branch="False" />
                <line number="140" hits="7" branch="False" />
                <line number="141" hits="7" branch="False" />
                <line number="142" hits="7" branch="False" />
                <line number="143" hits="7" branch="False" />
                <line number="144" hits="7" branch="False" />
                <line number="145" hits="7" branch="False" />
                <line number="146" hits="7" branch="False" />
                <line number="147" hits="7" branch="False" />
                <line number="148" hits="7" branch="False" />
                <line number="149" hits="7" branch="False" />
                <line number="151" hits="7" branch="False" />
                <line number="152" hits="8" branch="False" />
              </lines>
            </method>
          </methods>
          <lines>
            <line number="86" hits="8" branch="False" />
            <line number="88" hits="8" branch="False" />
            <line number="90" hits="8" branch="True" condition-coverage="100% (2/2)">
              <conditions>
                <condition number="325" type="jump" coverage="100%" />
              </conditions>
            </line>
            <line number="91" hits="1" branch="False" />
            <line number="92" hits="1" branch="False" />
            <line number="93" hits="1" branch="False" />
            <line number="94" hits="1" branch="False" />
            <line number="95" hits="1" branch="False" />
            <line number="96" hits="1" branch="False" />
            <line number="99" hits="7" branch="False" />
            <line number="100" hits="7" branch="False" />
            <line number="102" hits="7" branch="False" />
            <line number="106" hits="7" branch="False" />
            <line number="110" hits="7" branch="False" />
            <line number="112" hits="7" branch="True" condition-coverage="50% (1/2)">
              <conditions>
                <condition number="522" type="jump" coverage="50%" />
              </conditions>
            </line>
            <line number="114" hits="7" branch="False" />
            <line number="117" hits="7" branch="False" />
            <line number="118" hits="7" branch="False" />
            <line number="121" hits="7" branch="False" />
            <line number="123" hits="7" branch="False" />
            <line number="140" hits="7" branch="False" />
            <line number="141" hits="7" branch="False" />
            <line number="142" hits="7" branch="False" />
            <line number="143" hits="7" branch="False" />
            <line number="144" hits="7" branch="False" />
            <line number="145" hits="7" branch="False" />
            <line number="146" hits="7" branch="False" />
            <line number="147" hits="7" branch="False" />
            <line number="148" hits="7" branch="False" />
            <line number="149" hits="7" branch="False" />
            <line number="151" hits="7" branch="False" />
            <line number="152" hits="8" branch="False" />
          </lines>
        </class>
        <class name="ECHO.Ticket.Business.Services.EventReviewService/&lt;GetReviewsByEventIdAsync&gt;d__6" filename="ECHO.Ticket.Business/Services/EventReviewService.cs" line-rate="1" branch-rate="1" complexity="1">
          <methods>
            <method name="MoveNext" signature="()" line-rate="1" branch-rate="1" complexity="1">
              <lines>
                <line number="56" hits="4" branch="False" />
                <line number="58" hits="4" branch="False" />
                <line number="63" hits="4" branch="False" />
                <line number="65" hits="4" branch="False" />
                <line number="68" hits="4" branch="False" />
                <line number="82" hits="4" branch="False" />
                <line number="83" hits="4" branch="False" />
              </lines>
            </method>
          </methods>
          <lines>
            <line number="56" hits="4" branch="False" />
            <line number="58" hits="4" branch="False" />
            <line number="63" hits="4" branch="False" />
            <line number="65" hits="4" branch="False" />
            <line number="68" hits="4" branch="False" />
            <line number="82" hits="4" branch="False" />
            <line number="83" hits="4" branch="False" />
          </lines>
        </class>
        <class name="ECHO.Ticket.Business.Services.EventService" filename="ECHO.Ticket.Business/Services/EventService.cs" line-rate="1" branch-rate="1" complexity="1">
          <methods>
            <method name=".ctor" signature="(ECHO.Ticket.DataAccess.Interfaces.IRepository`1&lt;ECHO.Ticket.Core.Entities.Event&gt;,FluentValidation.IValidator`1&lt;ECHO.Ticket.Core.Entities.Event&gt;,ECHO.Ticket.DataAccess.Interfaces.IRepository`1&lt;ECHO.Ticket.Core.Entities.Ticket&gt;,ECHO.Ticket.DataAccess.Interfaces.IRepository`1&lt;ECHO.Ticket.Core.Entities.Pledge&gt;,ECHO.Ticket.DataAccess.Interfaces.IRepository`1&lt;ECHO.Ticket.Core.Entities.Venue&gt;)" line-rate="1" branch-rate="1" complexity="1">
              <lines>
                <line number="19" hits="19" branch="False" />
                <line number="20" hits="19" branch="False" />
                <line number="21" hits="19" branch="False" />
                <line number="22" hits="19" branch="False" />
                <line number="23" hits="19" branch="False" />
                <line number="24" hits="19" branch="False" />
                <line number="25" hits="19" branch="False" />
                <line number="26" hits="19" branch="False" />
              </lines>
            </method>
          </methods>
          <lines>
            <line number="19" hits="19" branch="False" />
            <line number="20" hits="19" branch="False" />
            <line number="21" hits="19" branch="False" />
            <line number="22" hits="19" branch="False" />
            <line number="23" hits="19" branch="False" />
            <line number="24" hits="19" branch="False" />
            <line number="25" hits="19" branch="False" />
            <line number="26" hits="19" branch="False" />
          </lines>
        </class>
        <class name="ECHO.Ticket.Business.Services.EventService/&lt;&gt;c" filename="ECHO.Ticket.Business/Services/EventService.cs" line-rate="1" branch-rate="1" complexity="6">
          <methods>
            <method name="&lt;AddEventAsync&gt;b__8_0" signature="(FluentValidation.Results.ValidationFailure)" line-rate="1" branch-rate="1" complexity="1">
              <lines>
                <line number="52" hits="2" branch="False" />
              </lines>
            </method>
            <method name="&lt;UpdateEventAsync&gt;b__9_0" signature="(FluentValidation.Results.ValidationFailure)" line-rate="1" branch-rate="1" complexity="1">
              <lines>
                <line number="72" hits="2" branch="False" />
              </lines>
            </method>
            <method name="&lt;GetActiveEventsSummaryAsync&gt;b__11_0" signature="(ECHO.Ticket.Core.Entities.Event)" line-rate="1" branch-rate="1" complexity="1">
              <lines>
                <line number="97" hits="3" branch="False" />
                <line number="98" hits="3" branch="False" />
                <line number="99" hits="3" branch="False" />
                <line number="100" hits="3" branch="False" />
                <line number="101" hits="3" branch="False" />
                <line number="102" hits="3" branch="False" />
                <line number="103" hits="3" branch="False" />
                <line number="104" hits="3" branch="False" />
              </lines>
            </method>
            <method name="&lt;GetEventDetailAsync&gt;b__12_1" signature="(ECHO.Ticket.Core.Entities.Ticket)" line-rate="1" branch-rate="1" complexity="1">
              <lines>
                <line number="143" hits="1" branch="False" />
                <line number="144" hits="1" branch="False" />
                <line number="145" hits="1" branch="False" />
                <line number="146" hits="1" branch="False" />
                <line number="147" hits="1" branch="False" />
                <line number="148" hits="1" branch="False" />
                <line number="149" hits="1" branch="False" />
                <line number="150" hits="1" branch="False" />
                <line number="151" hits="1" branch="False" />
              </lines>
            </method>
            <method name="&lt;GetTakenSeatsAsync&gt;b__13_0" signature="(ECHO.Ticket.Core.Entities.Ticket)" line-rate="1" branch-rate="1" complexity="1">
              <lines>
                <line number="167" hits="4" branch="False" />
              </lines>
            </method>
            <method name="&lt;GetTakenSeatsAsync&gt;b__13_2" signature="(ECHO.Ticket.Core.Entities.Pledge)" line-rate="1" branch-rate="1" complexity="1">
              <lines>
                <line number="176" hits="1" branch="False" />
              </lines>
            </method>
          </methods>
          <lines>
            <line number="52" hits="2" branch="False" />
            <line number="72" hits="2" branch="False" />
            <line number="97" hits="3" branch="False" />
            <line number="98" hits="3" branch="False" />
            <line number="99" hits="3" branch="False" />
            <line number="100" hits="3" branch="False" />
            <line number="101" hits="3" branch="False" />
            <line number="102" hits="3" branch="False" />
            <line number="103" hits="3" branch="False" />
            <line number="104" hits="3" branch="False" />
            <line number="143" hits="1" branch="False" />
            <line number="144" hits="1" branch="False" />
            <line number="145" hits="1" branch="False" />
            <line number="146" hits="1" branch="False" />
            <line number="147" hits="1" branch="False" />
            <line number="148" hits="1" branch="False" />
            <line number="149" hits="1" branch="False" />
            <line number="150" hits="1" branch="False" />
            <line number="151" hits="1" branch="False" />
            <line number="167" hits="4" branch="False" />
            <line number="176" hits="1" branch="False" />
          </lines>
        </class>
        <class name="ECHO.Ticket.Business.Services.EventService/&lt;&gt;c__DisplayClass13_1" filename="ECHO.Ticket.Business/Services/EventService.cs" line-rate="1" branch-rate="1" complexity="4">
          <methods>
            <method name="&lt;GetTakenSeatsAsync&gt;b__1" signature="(ECHO.Ticket.Core.Entities.Pledge)" line-rate="1" branch-rate="1" complexity="4">
              <lines>
                <line number="175" hits="3" branch="True" condition-coverage="100% (4/4)">
                  <conditions>
                    <condition number="17" type="jump" coverage="100%" />
                    <condition number="30" type="jump" coverage="100%" />
                  </conditions>
                </line>
              </lines>
            </method>
          </methods>
          <lines>
            <line number="175" hits="3" branch="True" condition-coverage="100% (4/4)">
              <conditions>
                <condition number="17" type="jump" coverage="100%" />
                <condition number="30" type="jump" coverage="100%" />
              </conditions>
            </line>
          </lines>
        </class>
        <class name="ECHO.Ticket.Business.Services.EventService/&lt;AddEventAsync&gt;d__8" filename="ECHO.Ticket.Business/Services/EventService.cs" line-rate="1" branch-rate="1" complexity="2">
          <methods>
            <method name="MoveNext" signature="()" line-rate="1" branch-rate="1" complexity="2">
              <lines>
                <line number="45" hits="2" branch="False" />
                <line number="46" hits="2" branch="False" />
                <line number="47" hits="2" branch="False" />
                <line number="48" hits="2" branch="False" />
                <line number="50" hits="2" branch="True" condition-coverage="100% (2/2)">
                  <conditions>
                    <condition number="247" type="jump" coverage="100%" />
                  </conditions>
                </line>
                <line number="51" hits="1" branch="False" />
                <line number="53" hits="1" branch="False" />
                <line number="56" hits="1" branch="False" />
                <line number="57" hits="1" branch="False" />
                <line number="59" hits="1" branch="False" />
                <line number="60" hits="2" branch="False" />
              </lines>
            </method>
          </methods>
          <lines>
            <line number="45" hits="2" branch="False" />
            <line number="46" hits="2" branch="False" />
            <line number="47" hits="2" branch="False" />
            <line number="48" hits="2" branch="False" />
            <line number="50" hits="2" branch="True" condition-coverage="100% (2/2)">
              <conditions>
                <condition number="247" type="jump" coverage="100%" />
              </conditions>
            </line>
            <line number="51" hits="1" branch="False" />
            <line number="53" hits="1" branch="False" />
            <line number="56" hits="1" branch="False" />
            <line number="57" hits="1" branch="False" />
            <line number="59" hits="1" branch="False" />
            <line number="60" hits="2" branch="False" />
          </lines>
        </class>
        <class name="ECHO.Ticket.Business.Services.EventService/&lt;DeleteEventAsync&gt;d__10" filename="ECHO.Ticket.Business/Services/EventService.cs" line-rate="1" branch-rate="1" complexity="2">
          <methods>
            <method name="MoveNext" signature="()" line-rate="1" branch-rate="1" complexity="2">
              <lines>
                <line number="82" hits="2" branch="False" />
                <line number="83" hits="2" branch="False" />
                <line number="84" hits="3" branch="True" condition-coverage="100% (2/2)">
                  <conditions>
                    <condition number="175" type="jump" coverage="100%" />
                  </conditions>
                </line>
                <line number="86" hits="1" branch="False" />
                <line number="87" hits="1" branch="False" />
                <line number="88" hits="1" branch="False" />
                <line number="89" hits="2" branch="False" />
              </lines>
            </method>
          </methods>
          <lines>
            <line number="82" hits="2" branch="False" />
            <line number="83" hits="2" branch="False" />
            <line number="84" hits="3" branch="True" condition-coverage="100% (2/2)">
              <conditions>
                <condition number="175" type="jump" coverage="100%" />
              </conditions>
            </line>
            <line number="86" hits="1" branch="False" />
            <line number="87" hits="1" branch="False" />
            <line number="88" hits="1" branch="False" />
            <line number="89" hits="2" branch="False" />
          </lines>
        </class>
        <class name="ECHO.Ticket.Business.Services.EventService/&lt;GetActiveEventsSummaryAsync&gt;d__11" filename="ECHO.Ticket.Business/Services/EventService.cs" line-rate="1" branch-rate="1" complexity="1">
          <methods>
            <method name="MoveNext" signature="()" line-rate="1" branch-rate="1" complexity="1">
              <lines>
                <line number="92" hits="2" branch="False" />
                <line number="94" hits="2" branch="False" />
                <line number="95" hits="2" branch="False" />
                <line number="106" hits="1" branch="False" />
                <line number="108" hits="1" branch="False" />
                <line number="109" hits="1" branch="False" />
                <line number="110" hits="1" branch="False" />
                <line number="112" hits="2" branch="False" />
              </lines>
            </method>
          </methods>
          <lines>
            <line number="92" hits="2" branch="False" />
            <line number="94" hits="2" branch="False" />
            <line number="95" hits="2" branch="False" />
            <line number="106" hits="1" branch="False" />
            <line number="108" hits="1" branch="False" />
            <line number="109" hits="1" branch="False" />
            <line number="110" hits="1" branch="False" />
            <line number="112" hits="2" branch="False" />
          </lines>
        </class>
        <class name="ECHO.Ticket.Business.Services.EventService/&lt;GetAllEventsAsync&gt;d__6" filename="ECHO.Ticket.Business/Services/EventService.cs" line-rate="1" branch-rate="1" complexity="1">
          <methods>
            <method name="MoveNext" signature="()" line-rate="1" branch-rate="1" complexity="1">
              <lines>
                <line number="29" hits="1" branch="False" />
                <line number="30" hits="1" branch="False" />
                <line number="31" hits="1" branch="False" />
                <line number="32" hits="1" branch="False" />
              </lines>
            </method>
          </methods>
          <lines>
            <line number="29" hits="1" branch="False" />
            <line number="30" hits="1" branch="False" />
            <line number="31" hits="1" branch="False" />
            <line number="32" hits="1" branch="False" />
          </lines>
        </class>
        <class name="ECHO.Ticket.Business.Services.EventService/&lt;GetEventByIdAsync&gt;d__7" filename="ECHO.Ticket.Business/Services/EventService.cs" line-rate="1" branch-rate="1" complexity="2">
          <methods>
            <method name="MoveNext" signature="()" line-rate="1" branch-rate="1" complexity="2">
              <lines>
                <line number="35" hits="2" branch="False" />
                <line number="36" hits="2" branch="False" />
                <line number="38" hits="2" branch="True" condition-coverage="100% (2/2)">
                  <conditions>
                    <condition number="164" type="jump" coverage="100%" />
                  </conditions>
                </line>
                <line number="39" hits="1" branch="False" />
                <line number="41" hits="1" branch="False" />
                <line number="42" hits="2" branch="False" />
              </lines>
            </method>
          </methods>
          <lines>
            <line number="35" hits="2" branch="False" />
            <line number="36" hits="2" branch="False" />
            <line number="38" hits="2" branch="True" condition-coverage="100% (2/2)">
              <conditions>
                <condition number="164" type="jump" coverage="100%" />
              </conditions>
            </line>
            <line number="39" hits="1" branch="False" />
            <line number="41" hits="1" branch="False" />
            <line number="42" hits="2" branch="False" />
          </lines>
        </class>
        <class name="ECHO.Ticket.Business.Services.EventService/&lt;GetEventDetailAsync&gt;d__12" filename="ECHO.Ticket.Business/Services/EventService.cs" line-rate="1" branch-rate="1" complexity="14">
          <methods>
            <method name="MoveNext" signature="()" line-rate="1" branch-rate="1" complexity="14">
              <lines>
                <line number="115" hits="5" branch="False" />
                <line number="117" hits="5" branch="False" />
                <line number="118" hits="5" branch="False" />
                <line number="119" hits="4" branch="True" condition-coverage="100% (4/4)">
                  <conditions>
                    <condition number="225" type="jump" coverage="100%" />
                    <condition number="248" type="jump" coverage="100%" />
                  </conditions>
                </line>
                <line number="120" hits="2" branch="False" />
                <line number="122" hits="2" branch="False" />
                <line number="124" hits="2" branch="False" />
                <line number="125" hits="2" branch="True" condition-coverage="100% (2/2)">
                  <conditions>
                    <condition number="574" type="jump" coverage="100%" />
                  </conditions>
                </line>
                <line number="126" hits="1" branch="False" />
                <line number="127" hits="1" branch="False" />
                <line number="128" hits="1" branch="False" />
                <line number="130" hits="2" branch="True" condition-coverage="100% (8/8)">
                  <conditions>
                    <condition number="868" type="jump" coverage="100%" />
                    <condition number="907" type="jump" coverage="100%" />
                    <condition number="932" type="jump" coverage="100%" />
                    <condition number="971" type="jump" coverage="100%" />
                  </conditions>
                </line>
                <line number="131" hits="2" branch="False" />
                <line number="132" hits="2" branch="False" />
                <line number="133" hits="2" branch="False" />
                <line number="134" hits="2" branch="False" />
                <line number="135" hits="2" branch="False" />
                <line number="136" hits="2" branch="False" />
                <line number="137" hits="2" branch="False" />
                <line number="138" hits="2" branch="False" />
                <line number="139" hits="2" branch="False" />
                <line number="140" hits="2" branch="False" />
                <line number="141" hits="2" branch="False" />
                <line number="142" hits="2" branch="False" />
                <line number="152" hits="2" branch="False" />
                <line number="154" hits="2" branch="False" />
                <line number="156" hits="1" branch="False" />
                <line number="157" hits="1" branch="False" />
                <line number="158" hits="1" branch="False" />
                <line number="160" hits="5" branch="False" />
              </lines>
            </method>
          </methods>
          <lines>
            <line number="115" hits="5" branch="False" />
            <line number="117" hits="5" branch="False" />
            <line number="118" hits="5" branch="False" />
            <line number="119" hits="4" branch="True" condition-coverage="100% (4/4)">
              <conditions>
                <condition number="225" type="jump" coverage="100%" />
                <condition number="248" type="jump" coverage="100%" />
              </conditions>
            </line>
            <line number="120" hits="2" branch="False" />
            <line number="122" hits="2" branch="False" />
            <line number="124" hits="2" branch="False" />
            <line number="125" hits="2" branch="True" condition-coverage="100% (2/2)">
              <conditions>
                <condition number="574" type="jump" coverage="100%" />
              </conditions>
            </line>
            <line number="126" hits="1" branch="False" />
            <line number="127" hits="1" branch="False" />
            <line number="128" hits="1" branch="False" />
            <line number="130" hits="2" branch="True" condition-coverage="100% (8/8)">
              <conditions>
                <condition number="868" type="jump" coverage="100%" />
                <condition number="907" type="jump" coverage="100%" />
                <condition number="932" type="jump" coverage="100%" />
                <condition number="971" type="jump" coverage="100%" />
              </conditions>
            </line>
            <line number="131" hits="2" branch="False" />
            <line number="132" hits="2" branch="False" />
            <line number="133" hits="2" branch="False" />
            <line number="134" hits="2" branch="False" />
            <line number="135" hits="2" branch="False" />
            <line number="136" hits="2" branch="False" />
            <line number="137" hits="2" branch="False" />
            <line number="138" hits="2" branch="False" />
            <line number="139" hits="2" branch="False" />
            <line number="140" hits="2" branch="False" />
            <line number="141" hits="2" branch="False" />
            <line number="142" hits="2" branch="False" />
            <line number="152" hits="2" branch="False" />
            <line number="154" hits="2" branch="False" />
            <line number="156" hits="1" branch="False" />
            <line number="157" hits="1" branch="False" />
            <line number="158" hits="1" branch="False" />
            <line number="160" hits="5" branch="False" />
          </lines>
        </class>
        <class name="ECHO.Ticket.Business.Services.EventService/&lt;GetTakenSeatsAsync&gt;d__13" filename="ECHO.Ticket.Business/Services/EventService.cs" line-rate="1" branch-rate="1" complexity="2">
          <methods>
            <method name="MoveNext" signature="()" line-rate="1" branch-rate="1" complexity="2">
              <lines>
                <line number="162" hits="3" branch="False" />
                <line number="164" hits="3" branch="False" />
                <line number="166" hits="3" branch="False" />
                <line number="169" hits="2" branch="True" condition-coverage="100% (2/2)">
                  <conditions>
                    <condition number="404" type="jump" coverage="100%" />
                  </conditions>
                </line>
                <line number="170" hits="1" branch="False" />
                <line number="173" hits="1" branch="False" />
                <line number="174" hits="1" branch="False" />
                <line number="177" hits="1" branch="False" />
                <line number="179" hits="1" branch="False" />
                <line number="181" hits="1" branch="False" />
                <line number="182" hits="1" branch="False" />
                <line number="183" hits="1" branch="False" />
                <line number="185" hits="3" branch="False" />
              </lines>
            </method>
          </methods>
          <lines>
            <line number="162" hits="3" branch="False" />
            <line number="164" hits="3" branch="False" />
            <line number="166" hits="3" branch="False" />
            <line number="169" hits="2" branch="True" condition-coverage="100% (2/2)">
              <conditions>
                <condition number="404" type="jump" coverage="100%" />
              </conditions>
            </line>
            <line number="170" hits="1" branch="False" />
            <line number="173" hits="1" branch="False" />
            <line number="174" hits="1" branch="False" />
            <line number="177" hits="1" branch="False" />
            <line number="179" hits="1" branch="False" />
            <line number="181" hits="1" branch="False" />
            <line number="182" hits="1" branch="False" />
            <line number="183" hits="1" branch="False" />
            <line number="185" hits="3" branch="False" />
          </lines>
        </class>
        <class name="ECHO.Ticket.Business.Services.EventService/&lt;UpdateEventAsync&gt;d__9" filename="ECHO.Ticket.Business/Services/EventService.cs" line-rate="1" branch-rate="1" complexity="4">
          <methods>
            <method name="MoveNext" signature="()" line-rate="1" branch-rate="1" complexity="4">
              <lines>
                <line number="63" hits="3" branch="False" />
                <line number="64" hits="3" branch="False" />
                <line number="65" hits="4" branch="True" condition-coverage="100% (2/2)">
                  <conditions>
                    <condition number="194" type="jump" coverage="100%" />
                  </conditions>
                </line>
                <line number="67" hits="2" branch="False" />
                <line number="68" hits="2" branch="False" />
                <line number="70" hits="2" branch="True" condition-coverage="100% (2/2)">
                  <conditions>
                    <condition number="397" type="jump" coverage="100%" />
                  </conditions>
                </line>
                <line number="71" hits="1" branch="False" />
                <line number="73" hits="1" branch="False" />
                <line number="76" hits="1" branch="False" />
                <line number="77" hits="1" branch="False" />
                <line number="78" hits="1" branch="False" />
                <line number="79" hits="3" branch="False" />
              </lines>
            </method>
          </methods>
          <lines>
            <line number="63" hits="3" branch="False" />
            <line number="64" hits="3" branch="False" />
            <line number="65" hits="4" branch="True" condition-coverage="100% (2/2)">
              <conditions>
                <condition number="194" type="jump" coverage="100%" />
              </conditions>
            </line>
            <line number="67" hits="2" branch="False" />
            <line number="68" hits="2" branch="False" />
            <line number="70" hits="2" branch="True" condition-coverage="100% (2/2)">
              <conditions>
                <condition number="397" type="jump" coverage="100%" />
              </conditions>
            </line>
            <line number="71" hits="1" branch="False" />
            <line number="73" hits="1" branch="False" />
            <line number="76" hits="1" branch="False" />
            <line number="77" hits="1" branch="False" />
            <line number="78" hits="1" branch="False" />
            <line number="79" hits="3" branch="False" />
          </lines>
        </class>
        <class name="ECHO.Ticket.Business.Services.PledgeService" filename="ECHO.Ticket.Business/Services/PledgeService.cs" line-rate="1" branch-rate="1" complexity="1">
          <methods>
            <method name=".ctor" signature="(ECHO.Ticket.DataAccess.Interfaces.IRepository`1&lt;ECHO.Ticket.Core.Entities.Pledge&gt;,ECHO.Ticket.DataAccess.Interfaces.IRepository`1&lt;ECHO.Ticket.Core.Entities.User&gt;,ECHO.Ticket.DataAccess.Interfaces.IRepository`1&lt;ECHO.Ticket.Core.Entities.Ticket&gt;,ECHO.Ticket.DataAccess.Interfaces.IRepository`1&lt;ECHO.Ticket.Core.Entities.Event&gt;,FluentValidation.IValidator`1&lt;ECHO.Ticket.Core.Entities.Pledge&gt;,ECHO.Ticket.Business.Interfaces.IWorkContext)" line-rate="1" branch-rate="1" complexity="1">
              <lines>
                <line number="24" hits="12" branch="False" />
                <line number="25" hits="12" branch="False" />
                <line number="26" hits="12" branch="False" />
                <line number="27" hits="12" branch="False" />
                <line number="28" hits="12" branch="False" />
                <line number="29" hits="12" branch="False" />
                <line number="30" hits="12" branch="False" />
                <line number="31" hits="12" branch="False" />
                <line number="32" hits="12" branch="False" />
                <line number="33" hits="12" branch="False" />
                <line number="34" hits="12" branch="False" />
                <line number="35" hits="12" branch="False" />
                <line number="36" hits="12" branch="False" />
                <line number="37" hits="12" branch="False" />
              </lines>
            </method>
          </methods>
          <lines>
            <line number="24" hits="12" branch="False" />
            <line number="25" hits="12" branch="False" />
            <line number="26" hits="12" branch="False" />
            <line number="27" hits="12" branch="False" />
            <line number="28" hits="12" branch="False" />
            <line number="29" hits="12" branch="False" />
            <line number="30" hits="12" branch="False" />
            <line number="31" hits="12" branch="False" />
            <line number="32" hits="12" branch="False" />
            <line number="33" hits="12" branch="False" />
            <line number="34" hits="12" branch="False" />
            <line number="35" hits="12" branch="False" />
            <line number="36" hits="12" branch="False" />
            <line number="37" hits="12" branch="False" />
          </lines>
        </class>
        <class name="ECHO.Ticket.Business.Services.PledgeService/&lt;&gt;c" filename="ECHO.Ticket.Business/Services/PledgeService.cs" line-rate="1" branch-rate="1" complexity="1">
          <methods>
            <method name="&lt;AddPledgeAsync&gt;b__10_0" signature="(FluentValidation.Results.ValidationFailure)" line-rate="1" branch-rate="1" complexity="1">
              <lines>
                <line number="105" hits="2" branch="False" />
              </lines>
            </method>
          </methods>
          <lines>
            <line number="105" hits="2" branch="False" />
          </lines>
        </class>
        <class name="ECHO.Ticket.Business.Services.PledgeService/&lt;&gt;c__DisplayClass9_0" filename="ECHO.Ticket.Business/Services/PledgeService.cs" line-rate="1" branch-rate="1" complexity="1">
          <methods>
            <method name="&lt;GetPledgesByUserIdAsync&gt;b__0" signature="(ECHO.Ticket.Core.Entities.Pledge)" line-rate="1" branch-rate="1" complexity="1">
              <lines>
                <line number="57" hits="5" branch="False" />
              </lines>
            </method>
          </methods>
          <lines>
            <line number="57" hits="5" branch="False" />
          </lines>
        </class>
        <class name="ECHO.Ticket.Business.Services.PledgeService/&lt;AddPledgeAsync&gt;d__10" filename="ECHO.Ticket.Business/Services/PledgeService.cs" line-rate="1" branch-rate="1" complexity="6">
          <methods>
            <method name="MoveNext" signature="()" line-rate="1" branch-rate="1" complexity="6">
              <lines>
                <line number="83" hits="4" branch="False" />
                <line number="84" hits="4" branch="False" />
                <line number="87" hits="4" branch="False" />
                <line number="90" hits="4" branch="False" />
                <line number="91" hits="4" branch="True" condition-coverage="100% (2/2)">
                  <conditions>
                    <condition number="260" type="jump" coverage="100%" />
                  </conditions>
                </line>
                <line number="92" hits="1" branch="False" />
                <line number="94" hits="3" branch="False" />
                <line number="95" hits="3" branch="True" condition-coverage="100% (2/2)">
                  <conditions>
                    <condition number="435" type="jump" coverage="100%" />
                  </conditions>
                </line>
                <line number="96" hits="1" branch="False" />
                <line number="99" hits="2" branch="False" />
                <line number="100" hits="2" branch="False" />
                <line number="103" hits="2" branch="False" />
                <line number="104" hits="2" branch="True" condition-coverage="100% (2/2)">
                  <conditions>
                    <condition number="660" type="jump" coverage="100%" />
                  </conditions>
                </line>
                <line number="107" hits="1" branch="False" />
                <line number="108" hits="1" branch="False" />
                <line number="110" hits="1" branch="False" />
                <line number="111" hits="4" branch="False" />
              </lines>
            </method>
          </methods>
          <lines>
            <line number="83" hits="4" branch="False" />
            <line number="84" hits="4" branch="False" />
            <line number="87" hits="4" branch="False" />
            <line number="90" hits="4" branch="False" />
            <line number="91" hits="4" branch="True" condition-coverage="100% (2/2)">
              <conditions>
                <condition number="260" type="jump" coverage="100%" />
              </conditions>
            </line>
            <line number="92" hits="1" branch="False" />
            <line number="94" hits="3" branch="False" />
            <line number="95" hits="3" branch="True" condition-coverage="100% (2/2)">
              <conditions>
                <condition number="435" type="jump" coverage="100%" />
              </conditions>
            </line>
            <line number="96" hits="1" branch="False" />
            <line number="99" hits="2" branch="False" />
            <line number="100" hits="2" branch="False" />
            <line number="103" hits="2" branch="False" />
            <line number="104" hits="2" branch="True" condition-coverage="100% (2/2)">
              <conditions>
                <condition number="660" type="jump" coverage="100%" />
              </conditions>
            </line>
            <line number="107" hits="1" branch="False" />
            <line number="108" hits="1" branch="False" />
            <line number="110" hits="1" branch="False" />
            <line number="111" hits="4" branch="False" />
          </lines>
        </class>
        <class name="ECHO.Ticket.Business.Services.PledgeService/&lt;DeletePledgeAsync&gt;d__11" filename="ECHO.Ticket.Business/Services/PledgeService.cs" line-rate="1" branch-rate="1" complexity="2">
          <methods>
            <method name="MoveNext" signature="()" line-rate="1" branch-rate="1" complexity="2">
              <lines>
                <line number="113" hits="2" branch="False" />
                <line number="114" hits="2" branch="False" />
                <line number="115" hits="3" branch="True" condition-coverage="100% (2/2)">
                  <conditions>
                    <condition number="175" type="jump" coverage="100%" />
                  </conditions>
                </line>
                <line number="117" hits="1" branch="False" />
                <line number="118" hits="1" branch="False" />
                <line number="119" hits="1" branch="False" />
                <line number="120" hits="2" branch="False" />
              </lines>
            </method>
          </methods>
          <lines>
            <line number="113" hits="2" branch="False" />
            <line number="114" hits="2" branch="False" />
            <line number="115" hits="3" branch="True" condition-coverage="100% (2/2)">
              <conditions>
                <condition number="175" type="jump" coverage="100%" />
              </conditions>
            </line>
            <line number="117" hits="1" branch="False" />
            <line number="118" hits="1" branch="False" />
            <line number="119" hits="1" branch="False" />
            <line number="120" hits="2" branch="False" />
          </lines>
        </class>
        <class name="ECHO.Ticket.Business.Services.PledgeService/&lt;GetAllPledgesAsync&gt;d__7" filename="ECHO.Ticket.Business/Services/PledgeService.cs" line-rate="1" branch-rate="1" complexity="1">
          <methods>
            <method name="MoveNext" signature="()" line-rate="1" branch-rate="1" complexity="1">
              <lines>
                <line number="40" hits="1" branch="False" />
                <line number="41" hits="1" branch="False" />
                <line number="42" hits="1" branch="False" />
                <line number="43" hits="1" branch="False" />
              </lines>
            </method>
          </methods>
          <lines>
            <line number="40" hits="1" branch="False" />
            <line number="41" hits="1" branch="False" />
            <line number="42" hits="1" branch="False" />
            <line number="43" hits="1" branch="False" />
          </lines>
        </class>
        <class name="ECHO.Ticket.Business.Services.PledgeService/&lt;GetPledgeByIdAsync&gt;d__8" filename="ECHO.Ticket.Business/Services/PledgeService.cs" line-rate="1" branch-rate="1" complexity="2">
          <methods>
            <method name="MoveNext" signature="()" line-rate="1" branch-rate="1" complexity="2">
              <lines>
                <line number="46" hits="2" branch="False" />
                <line number="47" hits="2" branch="False" />
                <line number="48" hits="2" branch="True" condition-coverage="100% (2/2)">
                  <conditions>
                    <condition number="164" type="jump" coverage="100%" />
                  </conditions>
                </line>
                <line number="49" hits="1" branch="False" />
                <line number="51" hits="1" branch="False" />
[...]
                <line number="293" hits="0" branch="False" />
                <line number="295" hits="0" branch="False" />
                <line number="296" hits="0" branch="False" />
                <line number="297" hits="0" branch="False" />
                <line number="298" hits="0" branch="False" />
                <line number="299" hits="0" branch="False" />
                <line number="300" hits="0" branch="False" />
                <line number="301" hits="0" branch="False" />
                <line number="302" hits="0" branch="False" />
                <line number="303" hits="0" branch="False" />
                <line number="304" hits="0" branch="False" />
                <line number="306" hits="0" branch="False" />
                <line number="307" hits="0" branch="False" />
                <line number="308" hits="0" branch="False" />
                <line number="309" hits="0" branch="False" />
                <line number="311" hits="0" branch="False" />
              </lines>
            </method>
          </methods>
          <lines>
            <line number="17" hits="0" branch="False" />
            <line number="19" hits="0" branch="False" />
            <line number="20" hits="0" branch="False" />
            <line number="21" hits="0" branch="False" />
            <line number="23" hits="0" branch="False" />
            <line number="25" hits="0" branch="False" />
            <line number="26" hits="0" branch="False" />
            <line number="27" hits="0" branch="False" />
            <line number="28" hits="0" branch="False" />
            <line number="29" hits="0" branch="False" />
            <line number="30" hits="0" branch="False" />
            <line number="31" hits="0" branch="False" />
            <line number="32" hits="0" branch="False" />
            <line number="33" hits="0" branch="False" />
            <line number="34" hits="0" branch="False" />
            <line number="35" hits="0" branch="False" />
            <line number="36" hits="0" branch="False" />
            <line number="37" hits="0" branch="False" />
            <line number="38" hits="0" branch="False" />
            <line number="39" hits="0" branch="False" />
            <line number="40" hits="0" branch="False" />
            <line number="41" hits="0" branch="False" />
            <line number="42" hits="0" branch="False" />
            <line number="43" hits="0" branch="False" />
            <line number="44" hits="0" branch="False" />
            <line number="45" hits="0" branch="False" />
            <line number="46" hits="0" branch="False" />
            <line number="47" hits="0" branch="False" />
            <line number="48" hits="0" branch="False" />
            <line number="49" hits="0" branch="False" />
            <line number="50" hits="0" branch="False" />
            <line number="51" hits="0" branch="False" />
            <line number="52" hits="0" branch="False" />
            <line number="53" hits="0" branch="False" />
            <line number="54" hits="0" branch="False" />
            <line number="55" hits="0" branch="False" />
            <line number="56" hits="0" branch="False" />
            <line number="57" hits="0" branch="False" />
            <line number="58" hits="0" branch="False" />
            <line number="59" hits="0" branch="False" />
            <line number="60" hits="0" branch="False" />
            <line number="61" hits="0" branch="False" />
            <line number="62" hits="0" branch="False" />
            <line number="63" hits="0" branch="False" />
            <line number="64" hits="0" branch="False" />
            <line number="65" hits="0" branch="False" />
            <line number="66" hits="0" branch="False" />
            <line number="67" hits="0" branch="False" />
            <line number="68" hits="0" branch="False" />
            <line number="69" hits="0" branch="False" />
            <line number="71" hits="0" branch="False" />
            <line number="72" hits="0" branch="False" />
            <line number="73" hits="0" branch="False" />
            <line number="74" hits="0" branch="False" />
            <line number="75" hits="0" branch="False" />
            <line number="76" hits="0" branch="False" />
            <line number="77" hits="0" branch="False" />
            <line number="78" hits="0" branch="False" />
            <line number="79" hits="0" branch="False" />
            <line number="80" hits="0" branch="False" />
            <line number="81" hits="0" branch="False" />
            <line number="82" hits="0" branch="False" />
            <line number="83" hits="0" branch="False" />
            <line number="84" hits="0" branch="False" />
            <line number="85" hits="0" branch="False" />
            <line number="86" hits="0" branch="False" />
            <line number="87" hits="0" branch="False" />
            <line number="88" hits="0" branch="False" />
            <line number="89" hits="0" branch="False" />
            <line number="90" hits="0" branch="False" />
            <line number="91" hits="0" branch="False" />
            <line number="92" hits="0" branch="False" />
            <line number="93" hits="0" branch="False" />
            <line number="94" hits="0" branch="False" />
            <line number="95" hits="0" branch="False" />
            <line number="96" hits="0" branch="False" />
            <line number="97" hits="0" branch="False" />
            <line number="98" hits="0" branch="False" />
            <line number="99" hits="0" branch="False" />
            <line number="100" hits="0" branch="False" />
            <line number="101" hits="0" branch="False" />
            <line number="102" hits="0" branch="False" />
            <line number="103" hits="0" branch="False" />
            <line number="104" hits="0" branch="False" />
            <line number="105" hits="0" branch="False" />
            <line number="106" hits="0" branch="False" />
            <line number="107" hits="0" branch="False" />
            <line number="109" hits="0" branch="False" />
            <line number="110" hits="0" branch="False" />
            <line number="111" hits="0" branch="False" />
            <line number="112" hits="0" branch="False" />
            <line number="113" hits="0" branch="False" />
            <line number="114" hits="0" branch="False" />
            <line number="115" hits="0" branch="False" />
            <line number="116" hits="0" branch="False" />
            <line number="117" hits="0" branch="False" />
            <line number="118" hits="0" branch="False" />
            <line number="119" hits="0" branch="False" />
            <line number="120" hits="0" branch="False" />
            <line number="121" hits="0" branch="False" />
            <line number="122" hits="0" branch="False" />
            <line number="123" hits="0" branch="False" />
            <line number="124" hits="0" branch="False" />
            <line number="125" hits="0" branch="False" />
            <line number="126" hits="0" branch="False" />
            <line number="127" hits="0" branch="False" />
            <line number="128" hits="0" branch="False" />
            <line number="129" hits="0" branch="False" />
            <line number="130" hits="0" branch="False" />
            <line number="131" hits="0" branch="False" />
            <line number="132" hits="0" branch="False" />
            <line number="133" hits="0" branch="False" />
            <line number="134" hits="0" branch="False" />
            <line number="135" hits="0" branch="False" />
            <line number="136" hits="0" branch="False" />
            <line number="137" hits="0" branch="False" />
            <line number="138" hits="0" branch="False" />
            <line number="139" hits="0" branch="False" />
            <line number="140" hits="0" branch="False" />
            <line number="142" hits="0" branch="False" />
            <line number="143" hits="0" branch="False" />
            <line number="144" hits="0" branch="False" />
            <line number="145" hits="0" branch="False" />
            <line number="146" hits="0" branch="False" />
            <line number="147" hits="0" branch="False" />
            <line number="148" hits="0" branch="False" />
            <line number="149" hits="0" branch="False" />
            <line number="150" hits="0" branch="False" />
            <line number="151" hits="0" branch="False" />
            <line number="152" hits="0" branch="False" />
            <line number="153" hits="0" branch="False" />
            <line number="154" hits="0" branch="False" />
            <line number="155" hits="0" branch="False" />
            <line number="156" hits="0" branch="False" />
            <line number="157" hits="0" branch="False" />
            <line number="158" hits="0" branch="False" />
            <line number="159" hits="0" branch="False" />
            <line number="160" hits="0" branch="False" />
            <line number="161" hits="0" branch="False" />
            <line number="162" hits="0" branch="False" />
            <line number="163" hits="0" branch="False" />
            <line number="164" hits="0" branch="False" />
            <line number="165" hits="0" branch="False" />
            <line number="166" hits="0" branch="False" />
            <line number="167" hits="0" branch="False" />
            <line number="168" hits="0" branch="False" />
            <line number="169" hits="0" branch="False" />
            <line number="170" hits="0" branch="False" />
            <line number="171" hits="0" branch="False" />
            <line number="172" hits="0" branch="False" />
            <line number="173" hits="0" branch="False" />
            <line number="175" hits="0" branch="False" />
            <line number="176" hits="0" branch="False" />
            <line number="177" hits="0" branch="False" />
            <line number="178" hits="0" branch="False" />
            <line number="179" hits="0" branch="False" />
            <line number="180" hits="0" branch="False" />
            <line number="181" hits="0" branch="False" />
            <line number="182" hits="0" branch="False" />
            <line number="183" hits="0" branch="False" />
            <line number="184" hits="0" branch="False" />
            <line number="185" hits="0" branch="False" />
            <line number="186" hits="0" branch="False" />
            <line number="187" hits="0" branch="False" />
            <line number="188" hits="0" branch="False" />
            <line number="189" hits="0" branch="False" />
            <line number="190" hits="0" branch="False" />
            <line number="191" hits="0" branch="False" />
            <line number="192" hits="0" branch="False" />
            <line number="193" hits="0" branch="False" />
            <line number="194" hits="0" branch="False" />
            <line number="195" hits="0" branch="False" />
            <line number="196" hits="0" branch="False" />
            <line number="197" hits="0" branch="False" />
            <line number="198" hits="0" branch="False" />
            <line number="199" hits="0" branch="False" />
            <line number="200" hits="0" branch="False" />
            <line number="201" hits="0" branch="False" />
            <line number="202" hits="0" branch="False" />
            <line number="203" hits="0" branch="False" />
            <line number="204" hits="0" branch="False" />
            <line number="205" hits="0" branch="False" />
            <line number="206" hits="0" branch="False" />
            <line number="207" hits="0" branch="False" />
            <line number="208" hits="0" branch="False" />
            <line number="209" hits="0" branch="False" />
            <line number="210" hits="0" branch="False" />
            <line number="211" hits="0" branch="False" />
            <line number="212" hits="0" branch="False" />
            <line number="213" hits="0" branch="False" />
            <line number="214" hits="0" branch="False" />
            <line number="215" hits="0" branch="False" />
            <line number="216" hits="0" branch="False" />
            <line number="217" hits="0" branch="False" />
            <line number="219" hits="0" branch="False" />
            <line number="220" hits="0" branch="False" />
            <line number="221" hits="0" branch="False" />
            <line number="222" hits="0" branch="False" />
            <line number="223" hits="0" branch="False" />
            <line number="224" hits="0" branch="False" />
            <line number="225" hits="0" branch="False" />
            <line number="226" hits="0" branch="False" />
            <line number="227" hits="0" branch="False" />
            <line number="228" hits="0" branch="False" />
            <line number="229" hits="0" branch="False" />
            <line number="230" hits="0" branch="False" />
            <line number="231" hits="0" branch="False" />
            <line number="232" hits="0" branch="False" />
            <line number="233" hits="0" branch="False" />
            <line number="234" hits="0" branch="False" />
            <line number="235" hits="0" branch="False" />
            <line number="236" hits="0" branch="False" />
            <line number="237" hits="0" branch="False" />
            <line number="238" hits="0" branch="False" />
            <line number="240" hits="0" branch="False" />
            <line number="241" hits="0" branch="False" />
            <line number="242" hits="0" branch="False" />
            <line number="243" hits="0" branch="False" />
            <line number="244" hits="0" branch="False" />
            <line number="245" hits="0" branch="False" />
            <line number="246" hits="0" branch="False" />
            <line number="247" hits="0" branch="False" />
            <line number="248" hits="0" branch="False" />
            <line number="249" hits="0" branch="False" />
            <line number="250" hits="0" branch="False" />
            <line number="251" hits="0" branch="False" />
            <line number="252" hits="0" branch="False" />
            <line number="253" hits="0" branch="False" />
            <line number="254" hits="0" branch="False" />
            <line number="255" hits="0" branch="False" />
            <line number="257" hits="0" branch="False" />
            <line number="258" hits="0" branch="False" />
            <line number="259" hits="0" branch="False" />
            <line number="260" hits="0" branch="False" />
            <line number="261" hits="0" branch="False" />
            <line number="262" hits="0" branch="False" />
            <line number="263" hits="0" branch="False" />
            <line number="264" hits="0" branch="False" />
            <line number="265" hits="0" branch="False" />
            <line number="266" hits="0" branch="False" />
            <line number="267" hits="0" branch="False" />
            <line number="268" hits="0" branch="False" />
            <line number="269" hits="0" branch="False" />
            <line number="270" hits="0" branch="False" />
            <line number="271" hits="0" branch="False" />
            <line number="272" hits="0" branch="False" />
            <line number="273" hits="0" branch="False" />
            <line number="274" hits="0" branch="False" />
            <line number="276" hits="0" branch="False" />
            <line number="277" hits="0" branch="False" />
            <line number="278" hits="0" branch="False" />
            <line number="279" hits="0" branch="False" />
            <line number="280" hits="0" branch="False" />
            <line number="281" hits="0" branch="False" />
            <line number="282" hits="0" branch="False" />
            <line number="283" hits="0" branch="False" />
            <line number="284" hits="0" branch="False" />
            <line number="285" hits="0" branch="False" />
            <line number="286" hits="0" branch="False" />
            <line number="287" hits="0" branch="False" />
            <line number="288" hits="0" branch="False" />
            <line number="289" hits="0" branch="False" />
            <line number="290" hits="0" branch="False" />
            <line number="291" hits="0" branch="False" />
            <line number="292" hits="0" branch="False" />
            <line number="293" hits="0" branch="False" />
            <line number="295" hits="0" branch="False" />
            <line number="296" hits="0" branch="False" />
            <line number="297" hits="0" branch="False" />
            <line number="298" hits="0" branch="False" />
            <line number="299" hits="0" branch="False" />
            <line number="300" hits="0" branch="False" />
            <line number="301" hits="0" branch="False" />
            <line number="302" hits="0" branch="False" />
            <line number="303" hits="0" branch="False" />
            <line number="304" hits="0" branch="False" />
            <line number="306" hits="0" branch="False" />
            <line number="307" hits="0" branch="False" />
            <line number="308" hits="0" branch="False" />
            <line number="309" hits="0" branch="False" />
            <line number="311" hits="0" branch="False" />
          </lines>
        </class>
        <class name="ECHO.Ticket.DataAccess.Contexts.EchoDbContext" filename="ECHO.Ticket.DataAccess/Contexts/EchoDbContext.cs" line-rate="0" branch-rate="1" complexity="7">
          <methods>
            <method name="get_Users" signature="()" line-rate="0" branch-rate="1" complexity="1">
              <lines>
                <line number="13" hits="0" branch="False" />
              </lines>
            </method>
            <method name="get_Events" signature="()" line-rate="0" branch-rate="1" complexity="1">
              <lines>
                <line number="14" hits="0" branch="False" />
              </lines>
            </method>
            <method name="get_Tickets" signature="()" line-rate="0" branch-rate="1" complexity="1">
              <lines>
                <line number="15" hits="0" branch="False" />
              </lines>
            </method>
            <method name="get_Pledges" signature="()" line-rate="0" branch-rate="1" complexity="1">
              <lines>
                <line number="17" hits="0" branch="False" />
              </lines>
            </method>
            <method name="get_Venues" signature="()" line-rate="0" branch-rate="1" complexity="1">
              <lines>
                <line number="18" hits="0" branch="False" />
              </lines>
            </method>
            <method name="get_EventReviews" signature="()" line-rate="0" branch-rate="1" complexity="1">
              <lines>
                <line number="19" hits="0" branch="False" />
              </lines>
            </method>
            <method name=".ctor" signature="(Microsoft.EntityFrameworkCore.DbContextOptions`1&lt;ECHO.Ticket.DataAccess.Contexts.EchoDbContext&gt;)" line-rate="0" branch-rate="1" complexity="1">
              <lines>
                <line number="8" hits="0" branch="False" />
                <line number="9" hits="0" branch="False" />
                <line number="10" hits="0" branch="False" />
              </lines>
            </method>
          </methods>
          <lines>
            <line number="13" hits="0" branch="False" />
            <line number="14" hits="0" branch="False" />
            <line number="15" hits="0" branch="False" />
            <line number="17" hits="0" branch="False" />
            <line number="18" hits="0" branch="False" />
            <line number="19" hits="0" branch="False" />
            <line number="8" hits="0" branch="False" />
            <line number="9" hits="0" branch="False" />
            <line number="10" hits="0" branch="False" />
          </lines>
        </class>
      </classes>
    </package>
  </packages>
</coverage>